2019-05-03 01:22:55,201 - mahua - WARNING - 这是一个warning警告 - [logger.py : 34]
2019-05-03 01:22:55,202 - mahua - ERROR - 这是一个错误error - [logger.py : 35]
2019-05-03 01:22:55,202 - mahua - CRITICAL - 这是一个致命问题 - [logger.py : 36]
2019-05-03 01:27:09,267 - mahua - ERROR - 这是一个错误error - [logger.py : 36]
2019-05-03 01:27:09,267 - mahua - CRITICAL - 这是一个致命问题 - [logger.py : 37]
2019-05-03 01:31:04,892 - mahua - ERROR - 这是一个错误error - [logger.py : 36]
2019-05-03 01:31:04,892 - mahua - CRITICAL - 这是一个致命问题 - [logger.py : 37]
2019-05-03 01:34:53,884 - mahua - ERROR - 这是一个错误error - [logger.py : 38]
2019-05-03 01:34:53,884 - mahua - CRITICAL - 这是一个致命问题 - [logger.py : 39]
2019-05-03 01:41:34,825 - test_login - ERROR - 测试报错了， :: {"status":1,"code":"10001","data":null,"msg":"登录成功"} != {"status":0,"code":"20111","data":null,"msg":"用户名或密码错误"} - [test_login.py : 37]
2019-05-03 01:55:09,262 - test_login - INFO - 准备测试前置 - [test_login.py : 24]
2019-05-03 01:55:09,265 - test_login - INFO - 开始测试：正常登录 - [test_login.py : 29]
2019-05-03 01:55:09,539 - test_login - INFO - 结束测试：正常登录 - [test_login.py : 39]
2019-05-03 01:55:09,540 - test_login - INFO - 开始测试：输入错误的密码 - [test_login.py : 29]
2019-05-03 01:55:09,705 - test_login - INFO - 结束测试：输入错误的密码 - [test_login.py : 39]
2019-05-03 01:55:09,706 - test_login - INFO - 开始测试：不输入密码 - [test_login.py : 29]
2019-05-03 01:55:09,871 - test_login - INFO - 结束测试：不输入密码 - [test_login.py : 39]
2019-05-03 01:55:09,872 - test_login - INFO - 开始测试：不输入手机号码 - [test_login.py : 29]
2019-05-03 01:55:10,073 - test_login - INFO - 结束测试：不输入手机号码 - [test_login.py : 39]
2019-05-03 01:55:10,073 - test_login - INFO - 测试后置处理 - [test_login.py : 42]
2019-05-03 02:05:48,922 - test_login - INFO - 准备测试前置 - [test_login.py : 24]
2019-05-03 02:05:48,923 - test_login - INFO - 开始测试：正常登录 - [test_login.py : 29]
2019-05-03 02:05:49,175 - test_login - INFO - 结束测试：正常登录 - [test_login.py : 39]
2019-05-03 02:05:49,175 - test_login - INFO - 开始测试：输入错误的密码 - [test_login.py : 29]
2019-05-03 02:05:49,351 - test_login - INFO - 结束测试：输入错误的密码 - [test_login.py : 39]
2019-05-03 02:05:49,352 - test_login - INFO - 开始测试：不输入密码 - [test_login.py : 29]
2019-05-03 02:05:49,531 - test_login - INFO - 结束测试：不输入密码 - [test_login.py : 39]
2019-05-03 02:05:49,532 - test_login - INFO - 开始测试：不输入手机号码 - [test_login.py : 29]
2019-05-03 02:05:49,721 - test_login - INFO - 结束测试：不输入手机号码 - [test_login.py : 39]
2019-05-03 02:05:49,722 - test_login - INFO - 测试后置处理 - [test_login.py : 42]
2019-05-03 02:24:42,166 - test_login - INFO - 准备测试前置 - [test_login.py : 24]
2019-05-03 02:24:42,166 - test_login - INFO - 开始测试：正常登录 - [test_login.py : 29]
2019-05-03 02:24:42,419 - test_login - INFO - 结束测试：正常登录 - [test_login.py : 39]
2019-05-03 02:24:42,420 - test_login - INFO - 开始测试：输入错误的密码 - [test_login.py : 29]
2019-05-03 02:24:42,745 - test_login - INFO - 结束测试：输入错误的密码 - [test_login.py : 39]
2019-05-03 02:24:42,745 - test_login - INFO - 开始测试：不输入密码 - [test_login.py : 29]
2019-05-03 02:24:42,930 - test_login - INFO - 结束测试：不输入密码 - [test_login.py : 39]
2019-05-03 02:24:42,931 - test_login - INFO - 开始测试：不输入手机号码 - [test_login.py : 29]
2019-05-03 02:24:43,150 - test_login - INFO - 结束测试：不输入手机号码 - [test_login.py : 39]
2019-05-03 02:24:43,150 - test_login - INFO - 测试后置处理 - [test_login.py : 42]
2019-05-03 02:33:03,989 - test_login - INFO - 准备测试前置 - [test_login.py : 24]
2019-05-03 02:33:03,990 - test_login - INFO - 开始测试：正常登录 - [test_login.py : 29]
2019-05-03 02:33:04,268 - test_login - INFO - 结束测试：正常登录 - [test_login.py : 39]
2019-05-03 02:33:04,268 - test_login - INFO - 开始测试：输入错误的密码 - [test_login.py : 29]
2019-05-03 02:33:04,439 - test_login - INFO - 结束测试：输入错误的密码 - [test_login.py : 39]
2019-05-03 02:33:04,439 - test_login - INFO - 开始测试：不输入密码 - [test_login.py : 29]
2019-05-03 02:33:04,626 - test_login - INFO - 结束测试：不输入密码 - [test_login.py : 39]
2019-05-03 02:33:04,626 - test_login - INFO - 开始测试：不输入手机号码 - [test_login.py : 29]
2019-05-03 02:33:04,771 - test_login - INFO - 结束测试：不输入手机号码 - [test_login.py : 39]
2019-05-03 02:33:04,772 - test_login - INFO - 测试后置处理 - [test_login.py : 42]
2019-05-03 13:56:34,479 - test_login - INFO - 准备测试前置 - [test_login.py : 24]
2019-05-03 13:56:34,480 - test_login - INFO - 开始测试：正常登录 - [test_login.py : 29]
2019-05-03 13:56:34,682 - test_login - INFO - 结束测试：正常登录 - [test_login.py : 39]
2019-05-03 13:56:34,683 - test_login - INFO - 开始测试：输入错误的密码 - [test_login.py : 29]
2019-05-03 13:56:34,835 - test_login - INFO - 结束测试：输入错误的密码 - [test_login.py : 39]
2019-05-03 13:56:34,836 - test_login - INFO - 开始测试：不输入密码 - [test_login.py : 29]
2019-05-03 13:56:34,989 - test_login - INFO - 结束测试：不输入密码 - [test_login.py : 39]
2019-05-03 13:56:34,989 - test_login - INFO - 开始测试：不输入手机号码 - [test_login.py : 29]
2019-05-03 13:56:35,147 - test_login - INFO - 结束测试：不输入手机号码 - [test_login.py : 39]
2019-05-03 13:56:35,147 - test_login - INFO - 测试后置处理 - [test_login.py : 42]
2019-05-04 16:59:27,718 - test_login - INFO - 准备测试前置 - [test_login.py : 24]
2019-05-04 16:59:27,723 - test_login - INFO - 开始测试：正常登录 - [test_login.py : 29]
2019-05-04 16:59:28,580 - test_login - INFO - 结束测试：正常登录 - [test_login.py : 39]
2019-05-04 16:59:28,581 - test_login - INFO - 开始测试：输入错误的密码 - [test_login.py : 29]
2019-05-04 16:59:28,770 - test_login - INFO - 结束测试：输入错误的密码 - [test_login.py : 39]
2019-05-04 16:59:28,771 - test_login - INFO - 开始测试：不输入密码 - [test_login.py : 29]
2019-05-04 16:59:28,925 - test_login - INFO - 结束测试：不输入密码 - [test_login.py : 39]
2019-05-04 16:59:28,925 - test_login - INFO - 开始测试：不输入手机号码 - [test_login.py : 29]
2019-05-04 16:59:29,067 - test_login - INFO - 结束测试：不输入手机号码 - [test_login.py : 39]
2019-05-04 16:59:29,067 - test_login - INFO - 测试后置处理 - [test_login.py : 42]
